Determining if the pthread_create exist failed with the following output:
Change Dir: /home/karl/Documents/NeoTeacher/Client/cmake-build-debug/CMakeFiles/CMakeTmp

Run Build Command:"/usr/bin/make" "cmTC_d3cd7/fast"
/usr/bin/make -f CMakeFiles/cmTC_d3cd7.dir/build.make CMakeFiles/cmTC_d3cd7.dir/build
make[1]: Entering directory '/home/karl/Documents/NeoTeacher/Client/cmake-build-debug/CMakeFiles/CMakeTmp'
Building C object CMakeFiles/cmTC_d3cd7.dir/CheckSymbolExists.c.o
/usr/bin/cc    -o CMakeFiles/cmTC_d3cd7.dir/CheckSymbolExists.c.o   -c /home/karl/Documents/NeoTeacher/Client/cmake-build-debug/CMakeFiles/CMakeTmp/CheckSymbolExists.c
Linking C executable cmTC_d3cd7
/home/karl/.local/share/JetBrains/Toolbox/apps/CLion/ch-0/182.3684.46/bin/cmake/linux/bin/cmake -E cmake_link_script CMakeFiles/cmTC_d3cd7.dir/link.txt --verbose=1
/usr/bin/cc      CMakeFiles/cmTC_d3cd7.dir/CheckSymbolExists.c.o  -o cmTC_d3cd7 
CMakeFiles/cmTC_d3cd7.dir/CheckSymbolExists.c.o: In function `main':
CheckSymbolExists.c:(.text+0x1b): undefined reference to `pthread_create'
collect2: error: ld returned 1 exit status
CMakeFiles/cmTC_d3cd7.dir/build.make:86: recipe for target 'cmTC_d3cd7' failed
make[1]: *** [cmTC_d3cd7] Error 1
make[1]: Leaving directory '/home/karl/Documents/NeoTeacher/Client/cmake-build-debug/CMakeFiles/CMakeTmp'
Makefile:121: recipe for target 'cmTC_d3cd7/fast' failed
make: *** [cmTC_d3cd7/fast] Error 2

File /home/karl/Documents/NeoTeacher/Client/cmake-build-debug/CMakeFiles/CMakeTmp/CheckSymbolExists.c:
/* */
#include <pthread.h>

int main(int argc, char** argv)
{
  (void)argv;
#ifndef pthread_create
  return ((int*)(&pthread_create))[argc];
#else
  (void)argc;
  return 0;
#endif
}

Determining if the function pthread_create exists in the pthreads failed with the following output:
Change Dir: /home/karl/Documents/NeoTeacher/Client/cmake-build-debug/CMakeFiles/CMakeTmp

Run Build Command:"/usr/bin/make" "cmTC_2307b/fast"
/usr/bin/make -f CMakeFiles/cmTC_2307b.dir/build.make CMakeFiles/cmTC_2307b.dir/build
make[1]: Entering directory '/home/karl/Documents/NeoTeacher/Client/cmake-build-debug/CMakeFiles/CMakeTmp'
Building C object CMakeFiles/cmTC_2307b.dir/CheckFunctionExists.c.o
/usr/bin/cc   -DCHECK_FUNCTION_EXISTS=pthread_create   -o CMakeFiles/cmTC_2307b.dir/CheckFunctionExists.c.o   -c /home/karl/.local/share/JetBrains/Toolbox/apps/CLion/ch-0/182.3684.46/bin/cmake/linux/share/cmake-3.12/Modules/CheckFunctionExists.c
Linking C executable cmTC_2307b
/home/karl/.local/share/JetBrains/Toolbox/apps/CLion/ch-0/182.3684.46/bin/cmake/linux/bin/cmake -E cmake_link_script CMakeFiles/cmTC_2307b.dir/link.txt --verbose=1
/usr/bin/cc  -DCHECK_FUNCTION_EXISTS=pthread_create    CMakeFiles/cmTC_2307b.dir/CheckFunctionExists.c.o  -o cmTC_2307b -lpthreads 
/usr/bin/x86_64-linux-gnu-ld: cannot find -lpthreads
collect2: error: ld returned 1 exit status
CMakeFiles/cmTC_2307b.dir/build.make:86: recipe for target 'cmTC_2307b' failed
make[1]: *** [cmTC_2307b] Error 1
make[1]: Leaving directory '/home/karl/Documents/NeoTeacher/Client/cmake-build-debug/CMakeFiles/CMakeTmp'
Makefile:121: recipe for target 'cmTC_2307b/fast' failed
make: *** [cmTC_2307b/fast] Error 2


